nohup: ignoring input
[UTCON] loaded router modules:
[UTCON]   utcon.api.v1.account.balance.history.transfer
[UTCON]   utcon.api.v1.account.balance.lookup
[UTCON]   utcon.api.v1.account.balance.transfer.deposit.create
[UTCON]   utcon.api.v1.account.balance.transfer.deposit.pending
[UTCON]   utcon.api.v1.account.balance.transfer.pay
[UTCON]   utcon.api.v1.account.balance.transfer.withdraw.create
[UTCON]   utcon.api.v1.account.balance.transfer.withdraw.pending
[UTCON]   utcon.api.v1.account.register
[UTCON]   utcon.api.v1.market.candles.upsert
[UTCON]   utcon.api.v1.market.chart.lookup
[UTCON]   utcon.api.v1.market.config.lookup
[UTCON]   utcon.api.v1.market.families.list
[UTCON]   utcon.api.v1.market.families.lookup
[UTCON]   utcon.api.v1.market.quotes.lookup
[UTCON]   utcon.api.v1.market.quotes.upsert
[UTCON]   utcon.api.v1.market.samples.lookup
[UTCON]   utcon.api.v1.market.samples.upsert
[UTCON]   utcon.api.v1.market.symbols.composition
[UTCON]   utcon.api.v1.market.symbols.config
[UTCON]   utcon.api.v1.market.symbols.list
[UTCON]   utcon.api.v1.market.symbols.lookup
[UTCON]   utcon.api.v1.raw.shops.lookup
[UTCON]   utcon.api.v1.raw.shops.record
[UTCON]   utcon.api.v1.raw.transactions.lookup
[UTCON]   utcon.api.v1.raw.transactions.record
[UTCON] registered routes:
[UTCON]   /openapi.json
[UTCON]   /docs
[UTCON]   /docs/oauth2-redirect
[UTCON]   /redoc
[UTCON]   /v1/account/balance/history/transfer
[UTCON]   /v1/account/balance/lookup
[UTCON]   /v1/account/balance/transfer/deposit
[UTCON]   /v1/admin/account/balance/transfer/deposit/pending
[UTCON]   /v1/account/balance/transfer/pay
[UTCON]   /v1/account/balance/transfer/withdraw
[UTCON]   /v1/admin/account/balance/transfer/withdraw/pending
[UTCON]   /v1/account/register
[UTCON]   /api/v1/market/candles/upsert
[UTCON]   /api/v1/market/chart/{symbol_code}
[UTCON]   /api/v1/market/config
[UTCON]   /api/v1/market/families
[UTCON]   /api/v1/market/families/{family_code}
[UTCON]   /api/v1/market/quote/{symbol_code}
[UTCON]   /api/v1/market/quotes/upsert
[UTCON]   /api/v1/market/samples/{symbol_code}
[UTCON]   /api/v1/market/samples/upsert
[UTCON]   /api/v1/market/symbols/{symbol_code}/composition
[UTCON]   /api/v1/market/symbols/{symbol_code}/config
[UTCON]   /api/v1/market/symbols
[UTCON]   /api/v1/market/symbols/{symbol_code}
[UTCON]   /api/v1/raw/shops/lookup
[UTCON]   /v1/raw/shops/record
[UTCON]   /api/v1/raw/transactions/lookup
[UTCON]   /v1/raw/transactions/record
